2022-06-11 11:24:34,374 [Worker-2: Loading available Gradle versions] INFO  o.e.b.c.i.u.g.PublishedGradleVersions - Gradle version information cache is out-of-date. Trying to update.
2022-06-11 11:28:17,969 [Worker-4: Creating maven-archetype-quickstart] INFO  o.e.m.c.i.p.ProjectConfigurationManager - Collecting project info '/pom.xml' C:\Users\prach\Desktop\CodeStudio\CucumberFramework\pom.xml
2022-06-11 11:28:18,897 [Worker-4: Creating maven-archetype-quickstart] INFO  o.e.m.c.i.l.LifecycleMappingFactory - Using org.eclipse.m2e.jdt.JarLifecycleMapping lifecycle mapping for MavenProject: CucumberFramework:CucumberFramework:0.0.1-SNAPSHOT @ C:\Users\prach\Desktop\CodeStudio\CucumberFramework\pom.xml.
2022-06-11 11:28:20,099 [Worker-4: Creating maven-archetype-quickstart] INFO  o.e.m.j.i.AbstractJavaProjectConfigurator - Adding source folder /CucumberFramework/src/main/java
2022-06-11 11:28:20,111 [Worker-4: Creating maven-archetype-quickstart] INFO  o.e.m.j.i.AbstractJavaProjectConfigurator - Adding source folder /CucumberFramework/src/test/java
2022-06-11 11:28:21,611 [Worker-4: Creating maven-archetype-quickstart] INFO  o.e.m.c.i.p.ProjectConfigurationManager - Imported and configured 1 project(s) in 3 sec
2022-06-11 11:28:23,564 [Worker-20: Building] INFO  o.e.m.c.i.embedder.EclipseLogger - Using 'UTF-8' encoding to copy filtered resources.
2022-06-11 11:28:23,564 [Worker-20: Building] INFO  o.e.m.c.i.embedder.EclipseLogger - skip non existing resourceDirectory C:\Users\prach\Desktop\CodeStudio\CucumberFramework\src\main\resources
2022-06-11 11:28:23,569 [Worker-20: Building] INFO  o.e.m.c.i.embedder.EclipseLogger - Using 'UTF-8' encoding to copy filtered resources.
2022-06-11 11:28:23,569 [Worker-20: Building] INFO  o.e.m.c.i.embedder.EclipseLogger - skip non existing resourceDirectory C:\Users\prach\Desktop\CodeStudio\CucumberFramework\src\test\resources
2022-06-11 12:16:45,403 [Worker-28: Building] INFO  o.e.m.c.i.embedder.EclipseLogger - Using 'UTF-8' encoding to copy filtered resources.
2022-06-11 12:16:45,403 [Worker-28: Building] INFO  o.e.m.c.i.embedder.EclipseLogger - skip non existing resourceDirectory C:\Users\prach\Desktop\CodeStudio\CucumberFramework\src\main\resources
2022-06-11 12:16:45,404 [Worker-28: Building] INFO  o.e.m.c.i.embedder.EclipseLogger - Using 'UTF-8' encoding to copy filtered resources.
2022-06-11 12:16:45,404 [Worker-28: Building] INFO  o.e.m.c.i.embedder.EclipseLogger - skip non existing resourceDirectory C:\Users\prach\Desktop\CodeStudio\CucumberFramework\src\test\resources
2022-06-11 12:21:13,838 [Worker-32: Building] INFO  o.e.m.c.i.l.LifecycleMappingFactory - Using org.eclipse.m2e.jdt.JarLifecycleMapping lifecycle mapping for MavenProject: CucumberFramework:CucumberFramework:0.0.1-SNAPSHOT @ C:\Users\prach\Desktop\CodeStudio\CucumberFramework\pom.xml.
2022-06-11 12:21:14,803 [Worker-32: Building] INFO  o.e.m.c.i.embedder.EclipseLogger - Using 'UTF-8' encoding to copy filtered resources.
2022-06-11 12:21:14,803 [Worker-32: Building] INFO  o.e.m.c.i.embedder.EclipseLogger - skip non existing resourceDirectory C:\Users\prach\Desktop\CodeStudio\CucumberFramework\src\main\resources
2022-06-11 12:21:14,805 [Worker-32: Building] INFO  o.e.m.c.i.embedder.EclipseLogger - Using 'UTF-8' encoding to copy filtered resources.
2022-06-11 12:21:14,805 [Worker-32: Building] INFO  o.e.m.c.i.embedder.EclipseLogger - skip non existing resourceDirectory C:\Users\prach\Desktop\CodeStudio\CucumberFramework\src\test\resources
2022-06-11 12:21:17,044 [Worker-31: Building] INFO  o.e.m.c.i.embedder.EclipseLogger - Using 'UTF-8' encoding to copy filtered resources.
2022-06-11 12:21:17,044 [Worker-31: Building] INFO  o.e.m.c.i.embedder.EclipseLogger - skip non existing resourceDirectory C:\Users\prach\Desktop\CodeStudio\CucumberFramework\src\main\resources
2022-06-11 12:21:17,045 [Worker-31: Building] INFO  o.e.m.c.i.embedder.EclipseLogger - Using 'UTF-8' encoding to copy filtered resources.
2022-06-11 12:21:17,045 [Worker-31: Building] INFO  o.e.m.c.i.embedder.EclipseLogger - skip non existing resourceDirectory C:\Users\prach\Desktop\CodeStudio\CucumberFramework\src\test\resources
2022-06-11 12:39:04,596 [Worker-41: Building] INFO  o.e.m.c.i.embedder.EclipseLogger - Using 'UTF-8' encoding to copy filtered resources.
2022-06-11 12:39:04,597 [Worker-41: Building] INFO  o.e.m.c.i.embedder.EclipseLogger - skip non existing resourceDirectory C:\Users\prach\Desktop\CodeStudio\CucumberFramework\src\main\resources
2022-06-11 12:39:04,598 [Worker-41: Building] INFO  o.e.m.c.i.embedder.EclipseLogger - Using 'UTF-8' encoding to copy filtered resources.
2022-06-11 12:39:04,598 [Worker-41: Building] INFO  o.e.m.c.i.embedder.EclipseLogger - skip non existing resourceDirectory C:\Users\prach\Desktop\CodeStudio\CucumberFramework\src\test\resources
2022-06-11 12:39:09,418 [Worker-31: Building] INFO  o.e.m.c.i.embedder.EclipseLogger - Using 'UTF-8' encoding to copy filtered resources.
2022-06-11 12:39:09,418 [Worker-31: Building] INFO  o.e.m.c.i.embedder.EclipseLogger - skip non existing resourceDirectory C:\Users\prach\Desktop\CodeStudio\CucumberFramework\src\main\resources
2022-06-11 12:39:09,419 [Worker-31: Building] INFO  o.e.m.c.i.embedder.EclipseLogger - Using 'UTF-8' encoding to copy filtered resources.
2022-06-11 12:39:09,419 [Worker-31: Building] INFO  o.e.m.c.i.embedder.EclipseLogger - skip non existing resourceDirectory C:\Users\prach\Desktop\CodeStudio\CucumberFramework\src\test\resources
2022-06-11 12:39:37,690 [Worker-41: Building] INFO  o.e.m.c.i.embedder.EclipseLogger - Using 'UTF-8' encoding to copy filtered resources.
2022-06-11 12:39:37,691 [Worker-41: Building] INFO  o.e.m.c.i.embedder.EclipseLogger - skip non existing resourceDirectory C:\Users\prach\Desktop\CodeStudio\CucumberFramework\src\main\resources
2022-06-11 12:39:37,692 [Worker-41: Building] INFO  o.e.m.c.i.embedder.EclipseLogger - Using 'UTF-8' encoding to copy filtered resources.
2022-06-11 12:39:37,692 [Worker-41: Building] INFO  o.e.m.c.i.embedder.EclipseLogger - skip non existing resourceDirectory C:\Users\prach\Desktop\CodeStudio\CucumberFramework\src\test\resources
2022-06-11 12:39:52,667 [Worker-31: Building] INFO  o.e.m.c.i.embedder.EclipseLogger - Using 'UTF-8' encoding to copy filtered resources.
2022-06-11 12:39:52,667 [Worker-31: Building] INFO  o.e.m.c.i.embedder.EclipseLogger - skip non existing resourceDirectory C:\Users\prach\Desktop\CodeStudio\CucumberFramework\src\main\resources
2022-06-11 12:39:52,668 [Worker-31: Building] INFO  o.e.m.c.i.embedder.EclipseLogger - Using 'UTF-8' encoding to copy filtered resources.
2022-06-11 12:39:52,668 [Worker-31: Building] INFO  o.e.m.c.i.embedder.EclipseLogger - skip non existing resourceDirectory C:\Users\prach\Desktop\CodeStudio\CucumberFramework\src\test\resources
2022-06-11 12:40:42,683 [Worker-41: Building] INFO  o.e.m.c.i.embedder.EclipseLogger - Using 'UTF-8' encoding to copy filtered resources.
2022-06-11 12:40:42,683 [Worker-41: Building] INFO  o.e.m.c.i.embedder.EclipseLogger - skip non existing resourceDirectory C:\Users\prach\Desktop\CodeStudio\CucumberFramework\src\main\resources
2022-06-11 12:40:42,684 [Worker-41: Building] INFO  o.e.m.c.i.embedder.EclipseLogger - Using 'UTF-8' encoding to copy filtered resources.
2022-06-11 12:40:42,684 [Worker-41: Building] INFO  o.e.m.c.i.embedder.EclipseLogger - skip non existing resourceDirectory C:\Users\prach\Desktop\CodeStudio\CucumberFramework\src\test\resources
2022-06-11 12:43:17,230 [Worker-38: Building] INFO  o.e.m.c.i.embedder.EclipseLogger - Using 'UTF-8' encoding to copy filtered resources.
2022-06-11 12:43:17,230 [Worker-38: Building] INFO  o.e.m.c.i.embedder.EclipseLogger - skip non existing resourceDirectory C:\Users\prach\Desktop\CodeStudio\CucumberFramework\src\main\resources
2022-06-11 12:43:17,232 [Worker-38: Building] INFO  o.e.m.c.i.embedder.EclipseLogger - Using 'UTF-8' encoding to copy filtered resources.
2022-06-11 12:43:17,232 [Worker-38: Building] INFO  o.e.m.c.i.embedder.EclipseLogger - skip non existing resourceDirectory C:\Users\prach\Desktop\CodeStudio\CucumberFramework\src\test\resources
2022-06-11 13:10:37,519 [Worker-47: Building] INFO  o.e.m.c.i.embedder.EclipseLogger - Using 'UTF-8' encoding to copy filtered resources.
2022-06-11 13:10:37,527 [Worker-47: Building] INFO  o.e.m.c.i.embedder.EclipseLogger - skip non existing resourceDirectory C:\Users\prach\Desktop\CodeStudio\CucumberFramework\src\main\resources
2022-06-11 13:10:37,530 [Worker-47: Building] INFO  o.e.m.c.i.embedder.EclipseLogger - Using 'UTF-8' encoding to copy filtered resources.
2022-06-11 13:10:37,531 [Worker-47: Building] INFO  o.e.m.c.i.embedder.EclipseLogger - skip non existing resourceDirectory C:\Users\prach\Desktop\CodeStudio\CucumberFramework\src\test\resources
2022-06-11 13:14:15,663 [Worker-49: Building] INFO  o.e.m.c.i.embedder.EclipseLogger - Using 'UTF-8' encoding to copy filtered resources.
2022-06-11 13:14:15,663 [Worker-49: Building] INFO  o.e.m.c.i.embedder.EclipseLogger - skip non existing resourceDirectory C:\Users\prach\Desktop\CodeStudio\CucumberFramework\src\main\resources
2022-06-11 13:14:15,666 [Worker-49: Building] INFO  o.e.m.c.i.embedder.EclipseLogger - Using 'UTF-8' encoding to copy filtered resources.
2022-06-11 13:14:15,666 [Worker-49: Building] INFO  o.e.m.c.i.embedder.EclipseLogger - skip non existing resourceDirectory C:\Users\prach\Desktop\CodeStudio\CucumberFramework\src\test\resources
2022-06-11 13:16:34,809 [Worker-51: Building] INFO  o.e.m.c.i.embedder.EclipseLogger - Using 'UTF-8' encoding to copy filtered resources.
2022-06-11 13:16:34,809 [Worker-51: Building] INFO  o.e.m.c.i.embedder.EclipseLogger - skip non existing resourceDirectory C:\Users\prach\Desktop\CodeStudio\CucumberFramework\src\main\resources
2022-06-11 13:16:34,811 [Worker-51: Building] INFO  o.e.m.c.i.embedder.EclipseLogger - Using 'UTF-8' encoding to copy filtered resources.
2022-06-11 13:16:34,811 [Worker-51: Building] INFO  o.e.m.c.i.embedder.EclipseLogger - skip non existing resourceDirectory C:\Users\prach\Desktop\CodeStudio\CucumberFramework\src\test\resources
2022-06-11 13:21:52,657 [Worker-52: Building] INFO  o.e.m.c.i.embedder.EclipseLogger - Using 'UTF-8' encoding to copy filtered resources.
2022-06-11 13:21:52,657 [Worker-52: Building] INFO  o.e.m.c.i.embedder.EclipseLogger - skip non existing resourceDirectory C:\Users\prach\Desktop\CodeStudio\CucumberFramework\src\main\resources
2022-06-11 13:21:52,659 [Worker-52: Building] INFO  o.e.m.c.i.embedder.EclipseLogger - Using 'UTF-8' encoding to copy filtered resources.
2022-06-11 13:21:52,659 [Worker-52: Building] INFO  o.e.m.c.i.embedder.EclipseLogger - skip non existing resourceDirectory C:\Users\prach\Desktop\CodeStudio\CucumberFramework\src\test\resources
2022-06-11 13:41:49,891 [Worker-56: Building] INFO  o.e.m.c.i.embedder.EclipseLogger - Using 'UTF-8' encoding to copy filtered resources.
2022-06-11 13:41:49,891 [Worker-56: Building] INFO  o.e.m.c.i.embedder.EclipseLogger - skip non existing resourceDirectory C:\Users\prach\Desktop\CodeStudio\CucumberFramework\src\main\resources
2022-06-11 13:41:49,893 [Worker-56: Building] INFO  o.e.m.c.i.embedder.EclipseLogger - Using 'UTF-8' encoding to copy filtered resources.
2022-06-11 13:41:49,893 [Worker-56: Building] INFO  o.e.m.c.i.embedder.EclipseLogger - skip non existing resourceDirectory C:\Users\prach\Desktop\CodeStudio\CucumberFramework\src\test\resources
2022-06-11 13:53:02,205 [Worker-57: Building] INFO  o.e.m.c.i.embedder.EclipseLogger - Using 'UTF-8' encoding to copy filtered resources.
2022-06-11 13:53:02,205 [Worker-57: Building] INFO  o.e.m.c.i.embedder.EclipseLogger - skip non existing resourceDirectory C:\Users\prach\Desktop\CodeStudio\CucumberFramework\src\main\resources
2022-06-11 13:53:02,207 [Worker-57: Building] INFO  o.e.m.c.i.embedder.EclipseLogger - Using 'UTF-8' encoding to copy filtered resources.
2022-06-11 13:53:02,208 [Worker-57: Building] INFO  o.e.m.c.i.embedder.EclipseLogger - skip non existing resourceDirectory C:\Users\prach\Desktop\CodeStudio\CucumberFramework\src\test\resources
2022-06-11 13:59:20,346 [Worker-55: Building] INFO  o.e.m.c.i.embedder.EclipseLogger - Using 'UTF-8' encoding to copy filtered resources.
2022-06-11 13:59:20,347 [Worker-55: Building] INFO  o.e.m.c.i.embedder.EclipseLogger - skip non existing resourceDirectory C:\Users\prach\Desktop\CodeStudio\CucumberFramework\src\main\resources
2022-06-11 13:59:20,348 [Worker-55: Building] INFO  o.e.m.c.i.embedder.EclipseLogger - Using 'UTF-8' encoding to copy filtered resources.
2022-06-11 13:59:20,348 [Worker-55: Building] INFO  o.e.m.c.i.embedder.EclipseLogger - skip non existing resourceDirectory C:\Users\prach\Desktop\CodeStudio\CucumberFramework\src\test\resources
2022-06-11 13:59:46,351 [Worker-57: Building] INFO  o.e.m.c.i.embedder.EclipseLogger - Using 'UTF-8' encoding to copy filtered resources.
2022-06-11 13:59:46,351 [Worker-57: Building] INFO  o.e.m.c.i.embedder.EclipseLogger - skip non existing resourceDirectory C:\Users\prach\Desktop\CodeStudio\CucumberFramework\src\main\resources
2022-06-11 13:59:46,353 [Worker-57: Building] INFO  o.e.m.c.i.embedder.EclipseLogger - Using 'UTF-8' encoding to copy filtered resources.
2022-06-11 13:59:46,354 [Worker-57: Building] INFO  o.e.m.c.i.embedder.EclipseLogger - skip non existing resourceDirectory C:\Users\prach\Desktop\CodeStudio\CucumberFramework\src\test\resources
2022-06-11 14:35:27,386 [Worker-73: Building] INFO  o.e.m.c.i.embedder.EclipseLogger - Using 'UTF-8' encoding to copy filtered resources.
2022-06-11 14:35:27,387 [Worker-73: Building] INFO  o.e.m.c.i.embedder.EclipseLogger - skip non existing resourceDirectory C:\Users\prach\Desktop\CodeStudio\CucumberFramework\src\main\resources
2022-06-11 14:35:27,387 [Worker-73: Building] INFO  o.e.m.c.i.embedder.EclipseLogger - Using 'UTF-8' encoding to copy filtered resources.
2022-06-11 14:35:27,387 [Worker-73: Building] INFO  o.e.m.c.i.embedder.EclipseLogger - skip non existing resourceDirectory C:\Users\prach\Desktop\CodeStudio\CucumberFramework\src\test\resources
2022-06-11 14:36:12,538 [Worker-77: Building] INFO  o.e.m.c.i.embedder.EclipseLogger - Using 'UTF-8' encoding to copy filtered resources.
2022-06-11 14:36:12,538 [Worker-77: Building] INFO  o.e.m.c.i.embedder.EclipseLogger - skip non existing resourceDirectory C:\Users\prach\Desktop\CodeStudio\CucumberFramework\src\main\resources
2022-06-11 14:36:12,539 [Worker-77: Building] INFO  o.e.m.c.i.embedder.EclipseLogger - Using 'UTF-8' encoding to copy filtered resources.
2022-06-11 14:36:12,539 [Worker-77: Building] INFO  o.e.m.c.i.embedder.EclipseLogger - skip non existing resourceDirectory C:\Users\prach\Desktop\CodeStudio\CucumberFramework\src\test\resources
2022-06-11 14:36:27,006 [Worker-71: Building] INFO  o.e.m.c.i.embedder.EclipseLogger - Using 'UTF-8' encoding to copy filtered resources.
2022-06-11 14:36:27,008 [Worker-71: Building] INFO  o.e.m.c.i.embedder.EclipseLogger - skip non existing resourceDirectory C:\Users\prach\Desktop\CodeStudio\CucumberFramework\src\main\resources
2022-06-11 14:36:27,009 [Worker-71: Building] INFO  o.e.m.c.i.embedder.EclipseLogger - Using 'UTF-8' encoding to copy filtered resources.
2022-06-11 14:36:27,009 [Worker-71: Building] INFO  o.e.m.c.i.embedder.EclipseLogger - skip non existing resourceDirectory C:\Users\prach\Desktop\CodeStudio\CucumberFramework\src\test\resources
2022-06-11 15:04:23,003 [Worker-90: Building] INFO  o.e.m.c.i.embedder.EclipseLogger - Using 'UTF-8' encoding to copy filtered resources.
2022-06-11 15:04:23,004 [Worker-90: Building] INFO  o.e.m.c.i.embedder.EclipseLogger - skip non existing resourceDirectory C:\Users\prach\Desktop\CodeStudio\CucumberFramework\src\main\resources
2022-06-11 15:04:23,005 [Worker-90: Building] INFO  o.e.m.c.i.embedder.EclipseLogger - Using 'UTF-8' encoding to copy filtered resources.
2022-06-11 15:04:23,005 [Worker-90: Building] INFO  o.e.m.c.i.embedder.EclipseLogger - skip non existing resourceDirectory C:\Users\prach\Desktop\CodeStudio\CucumberFramework\src\test\resources
2022-06-11 15:04:49,491 [Worker-88: Building] INFO  o.e.m.c.i.embedder.EclipseLogger - Using 'UTF-8' encoding to copy filtered resources.
2022-06-11 15:04:49,491 [Worker-88: Building] INFO  o.e.m.c.i.embedder.EclipseLogger - skip non existing resourceDirectory C:\Users\prach\Desktop\CodeStudio\CucumberFramework\src\main\resources
2022-06-11 15:04:49,491 [Worker-88: Building] INFO  o.e.m.c.i.embedder.EclipseLogger - Using 'UTF-8' encoding to copy filtered resources.
2022-06-11 15:04:49,492 [Worker-88: Building] INFO  o.e.m.c.i.embedder.EclipseLogger - skip non existing resourceDirectory C:\Users\prach\Desktop\CodeStudio\CucumberFramework\src\test\resources
2022-06-11 15:11:20,558 [Worker-93: Building] INFO  o.e.m.c.i.embedder.EclipseLogger - Using 'UTF-8' encoding to copy filtered resources.
2022-06-11 15:11:20,558 [Worker-93: Building] INFO  o.e.m.c.i.embedder.EclipseLogger - skip non existing resourceDirectory C:\Users\prach\Desktop\CodeStudio\CucumberFramework\src\main\resources
2022-06-11 15:11:20,560 [Worker-93: Building] INFO  o.e.m.c.i.embedder.EclipseLogger - Using 'UTF-8' encoding to copy filtered resources.
2022-06-11 15:11:20,560 [Worker-93: Building] INFO  o.e.m.c.i.embedder.EclipseLogger - skip non existing resourceDirectory C:\Users\prach\Desktop\CodeStudio\CucumberFramework\src\test\resources
2022-06-11 15:11:34,175 [Worker-82: Building] INFO  o.e.m.c.i.embedder.EclipseLogger - Using 'UTF-8' encoding to copy filtered resources.
2022-06-11 15:11:34,175 [Worker-82: Building] INFO  o.e.m.c.i.embedder.EclipseLogger - skip non existing resourceDirectory C:\Users\prach\Desktop\CodeStudio\CucumberFramework\src\main\resources
2022-06-11 15:11:34,176 [Worker-82: Building] INFO  o.e.m.c.i.embedder.EclipseLogger - Using 'UTF-8' encoding to copy filtered resources.
2022-06-11 15:11:34,177 [Worker-82: Building] INFO  o.e.m.c.i.embedder.EclipseLogger - skip non existing resourceDirectory C:\Users\prach\Desktop\CodeStudio\CucumberFramework\src\test\resources
2022-06-11 15:15:32,003 [Worker-98: Updating Maven Project] INFO  o.e.m.c.i.p.ProjectConfigurationManager - Update started
2022-06-11 15:15:32,477 [Worker-98: Updating Maven Project] INFO  o.e.m.c.i.l.LifecycleMappingFactory - Using org.eclipse.m2e.jdt.JarLifecycleMapping lifecycle mapping for MavenProject: CucumberFramework:CucumberFramework:0.0.1-SNAPSHOT @ C:\Users\prach\Desktop\CodeStudio\CucumberFramework\pom.xml.
2022-06-11 15:15:33,433 [Worker-98: Updating Maven Project] INFO  o.e.m.j.i.AbstractJavaProjectConfigurator - Adding source folder /CucumberFramework/src/main/java
2022-06-11 15:15:33,434 [Worker-98: Updating Maven Project] INFO  o.e.m.j.i.AbstractJavaProjectConfigurator - Adding source folder /CucumberFramework/src/test/java
2022-06-11 15:15:33,750 [Worker-98: Updating Maven Project] INFO  o.e.m.c.i.p.ProjectConfigurationManager - Update completed: 1 sec
2022-06-11 15:15:34,333 [Worker-82: Building] INFO  o.e.m.c.i.embedder.EclipseLogger - Using 'UTF-8' encoding to copy filtered resources.
2022-06-11 15:15:34,333 [Worker-82: Building] INFO  o.e.m.c.i.embedder.EclipseLogger - skip non existing resourceDirectory C:\Users\prach\Desktop\CodeStudio\CucumberFramework\src\main\resources
2022-06-11 15:15:34,336 [Worker-82: Building] INFO  o.e.m.c.i.embedder.EclipseLogger - Using 'UTF-8' encoding to copy filtered resources.
2022-06-11 15:15:34,336 [Worker-82: Building] INFO  o.e.m.c.i.embedder.EclipseLogger - skip non existing resourceDirectory C:\Users\prach\Desktop\CodeStudio\CucumberFramework\src\test\resources
2022-06-11 15:16:26,941 [Worker-82: Building] INFO  o.e.m.c.i.l.LifecycleMappingFactory - Using org.eclipse.m2e.jdt.JarLifecycleMapping lifecycle mapping for MavenProject: CucumberFramework:CucumberFramework:0.0.1-SNAPSHOT @ C:\Users\prach\Desktop\CodeStudio\CucumberFramework\pom.xml.
2022-06-11 15:16:27,645 [Worker-82: Building] INFO  o.e.m.c.i.embedder.EclipseLogger - Using 'UTF-8' encoding to copy filtered resources.
2022-06-11 15:16:27,646 [Worker-82: Building] INFO  o.e.m.c.i.embedder.EclipseLogger - skip non existing resourceDirectory C:\Users\prach\Desktop\CodeStudio\CucumberFramework\src\main\resources
2022-06-11 15:16:27,648 [Worker-82: Building] INFO  o.e.m.c.i.embedder.EclipseLogger - Using 'UTF-8' encoding to copy filtered resources.
2022-06-11 15:16:27,648 [Worker-82: Building] INFO  o.e.m.c.i.embedder.EclipseLogger - skip non existing resourceDirectory C:\Users\prach\Desktop\CodeStudio\CucumberFramework\src\test\resources
2022-06-11 15:16:29,607 [Worker-95: Building] INFO  o.e.m.c.i.embedder.EclipseLogger - Using 'UTF-8' encoding to copy filtered resources.
2022-06-11 15:16:29,607 [Worker-95: Building] INFO  o.e.m.c.i.embedder.EclipseLogger - skip non existing resourceDirectory C:\Users\prach\Desktop\CodeStudio\CucumberFramework\src\main\resources
2022-06-11 15:16:29,609 [Worker-95: Building] INFO  o.e.m.c.i.embedder.EclipseLogger - Using 'UTF-8' encoding to copy filtered resources.
2022-06-11 15:16:29,609 [Worker-95: Building] INFO  o.e.m.c.i.embedder.EclipseLogger - skip non existing resourceDirectory C:\Users\prach\Desktop\CodeStudio\CucumberFramework\src\test\resources
2022-06-11 15:16:47,483 [Worker-98: Updating Maven Project] INFO  o.e.m.c.i.p.ProjectConfigurationManager - Update started
2022-06-11 15:16:47,663 [Worker-98: Updating Maven Project] INFO  o.e.m.c.i.l.LifecycleMappingFactory - Using org.eclipse.m2e.jdt.JarLifecycleMapping lifecycle mapping for MavenProject: CucumberFramework:CucumberFramework:0.0.1-SNAPSHOT @ C:\Users\prach\Desktop\CodeStudio\CucumberFramework\pom.xml.
2022-06-11 15:16:48,372 [Worker-98: Updating Maven Project] INFO  o.e.m.j.i.AbstractJavaProjectConfigurator - Adding source folder /CucumberFramework/src/main/java
2022-06-11 15:16:48,373 [Worker-98: Updating Maven Project] INFO  o.e.m.j.i.AbstractJavaProjectConfigurator - Adding source folder /CucumberFramework/src/test/java
2022-06-11 15:16:48,797 [Worker-98: Updating Maven Project] INFO  o.e.m.c.i.p.ProjectConfigurationManager - Update completed: 1 sec
2022-06-11 15:16:49,418 [Worker-98: Building] INFO  o.e.m.c.i.embedder.EclipseLogger - Using 'UTF-8' encoding to copy filtered resources.
2022-06-11 15:16:49,418 [Worker-98: Building] INFO  o.e.m.c.i.embedder.EclipseLogger - skip non existing resourceDirectory C:\Users\prach\Desktop\CodeStudio\CucumberFramework\src\main\resources
2022-06-11 15:16:49,421 [Worker-98: Building] INFO  o.e.m.c.i.embedder.EclipseLogger - Using 'UTF-8' encoding to copy filtered resources.
2022-06-11 15:16:49,421 [Worker-98: Building] INFO  o.e.m.c.i.embedder.EclipseLogger - skip non existing resourceDirectory C:\Users\prach\Desktop\CodeStudio\CucumberFramework\src\test\resources
2022-06-11 15:26:18,980 [Worker-101: Building] INFO  o.e.m.c.i.l.LifecycleMappingFactory - Using org.eclipse.m2e.jdt.JarLifecycleMapping lifecycle mapping for MavenProject: CucumberFramework:CucumberFramework:0.0.1-SNAPSHOT @ C:\Users\prach\Desktop\CodeStudio\CucumberFramework\pom.xml.
2022-06-11 15:26:19,824 [Worker-101: Building] INFO  o.e.m.c.i.embedder.EclipseLogger - Using 'UTF-8' encoding to copy filtered resources.
2022-06-11 15:26:19,824 [Worker-101: Building] INFO  o.e.m.c.i.embedder.EclipseLogger - skip non existing resourceDirectory C:\Users\prach\Desktop\CodeStudio\CucumberFramework\src\main\resources
2022-06-11 15:26:19,826 [Worker-101: Building] INFO  o.e.m.c.i.embedder.EclipseLogger - Using 'UTF-8' encoding to copy filtered resources.
2022-06-11 15:26:19,826 [Worker-101: Building] INFO  o.e.m.c.i.embedder.EclipseLogger - skip non existing resourceDirectory C:\Users\prach\Desktop\CodeStudio\CucumberFramework\src\test\resources
2022-06-11 15:26:21,734 [Worker-101: Building] INFO  o.e.m.c.i.embedder.EclipseLogger - Using 'UTF-8' encoding to copy filtered resources.
2022-06-11 15:26:21,734 [Worker-101: Building] INFO  o.e.m.c.i.embedder.EclipseLogger - skip non existing resourceDirectory C:\Users\prach\Desktop\CodeStudio\CucumberFramework\src\main\resources
2022-06-11 15:26:21,736 [Worker-101: Building] INFO  o.e.m.c.i.embedder.EclipseLogger - Using 'UTF-8' encoding to copy filtered resources.
2022-06-11 15:26:21,736 [Worker-101: Building] INFO  o.e.m.c.i.embedder.EclipseLogger - skip non existing resourceDirectory C:\Users\prach\Desktop\CodeStudio\CucumberFramework\src\test\resources
2022-06-11 15:26:39,000 [Worker-93: Updating Maven Project] INFO  o.e.m.c.i.p.ProjectConfigurationManager - Update started
2022-06-11 15:26:39,149 [Worker-93: Updating Maven Project] INFO  o.e.m.c.i.l.LifecycleMappingFactory - Using org.eclipse.m2e.jdt.JarLifecycleMapping lifecycle mapping for MavenProject: CucumberFramework:CucumberFramework:0.0.1-SNAPSHOT @ C:\Users\prach\Desktop\CodeStudio\CucumberFramework\pom.xml.
2022-06-11 15:26:39,805 [Worker-93: Updating Maven Project] INFO  o.e.m.j.i.AbstractJavaProjectConfigurator - Adding source folder /CucumberFramework/src/main/java
2022-06-11 15:26:39,806 [Worker-93: Updating Maven Project] INFO  o.e.m.j.i.AbstractJavaProjectConfigurator - Adding source folder /CucumberFramework/src/test/java
2022-06-11 15:26:40,228 [Worker-93: Updating Maven Project] INFO  o.e.m.c.i.p.ProjectConfigurationManager - Update completed: 1 sec
2022-06-11 15:26:40,743 [Worker-99: Building] INFO  o.e.m.c.i.embedder.EclipseLogger - Using 'UTF-8' encoding to copy filtered resources.
2022-06-11 15:26:40,744 [Worker-99: Building] INFO  o.e.m.c.i.embedder.EclipseLogger - skip non existing resourceDirectory C:\Users\prach\Desktop\CodeStudio\CucumberFramework\src\main\resources
2022-06-11 15:26:40,746 [Worker-99: Building] INFO  o.e.m.c.i.embedder.EclipseLogger - Using 'UTF-8' encoding to copy filtered resources.
2022-06-11 15:26:40,746 [Worker-99: Building] INFO  o.e.m.c.i.embedder.EclipseLogger - skip non existing resourceDirectory C:\Users\prach\Desktop\CodeStudio\CucumberFramework\src\test\resources
2022-06-11 15:48:54,135 [Worker-93: Building] INFO  o.e.m.c.i.embedder.EclipseLogger - Using 'UTF-8' encoding to copy filtered resources.
2022-06-11 15:48:54,143 [Worker-93: Building] INFO  o.e.m.c.i.embedder.EclipseLogger - skip non existing resourceDirectory C:\Users\prach\Desktop\CodeStudio\CucumberFramework\src\main\resources
2022-06-11 15:48:54,143 [Worker-93: Building] INFO  o.e.m.c.i.embedder.EclipseLogger - Using 'UTF-8' encoding to copy filtered resources.
2022-06-11 15:48:54,144 [Worker-93: Building] INFO  o.e.m.c.i.embedder.EclipseLogger - skip non existing resourceDirectory C:\Users\prach\Desktop\CodeStudio\CucumberFramework\src\test\resources
2022-06-11 15:53:02,709 [Worker-107: Building] INFO  o.e.m.c.i.embedder.EclipseLogger - Using 'UTF-8' encoding to copy filtered resources.
2022-06-11 15:53:02,710 [Worker-107: Building] INFO  o.e.m.c.i.embedder.EclipseLogger - skip non existing resourceDirectory C:\Users\prach\Desktop\CodeStudio\CucumberFramework\src\main\resources
2022-06-11 15:53:02,712 [Worker-107: Building] INFO  o.e.m.c.i.embedder.EclipseLogger - Using 'UTF-8' encoding to copy filtered resources.
2022-06-11 15:53:02,712 [Worker-107: Building] INFO  o.e.m.c.i.embedder.EclipseLogger - skip non existing resourceDirectory C:\Users\prach\Desktop\CodeStudio\CucumberFramework\src\test\resources
2022-06-11 15:53:13,202 [Worker-107: Building] INFO  o.e.m.c.i.embedder.EclipseLogger - Using 'UTF-8' encoding to copy filtered resources.
2022-06-11 15:53:13,202 [Worker-107: Building] INFO  o.e.m.c.i.embedder.EclipseLogger - skip non existing resourceDirectory C:\Users\prach\Desktop\CodeStudio\CucumberFramework\src\main\resources
2022-06-11 15:53:13,203 [Worker-107: Building] INFO  o.e.m.c.i.embedder.EclipseLogger - Using 'UTF-8' encoding to copy filtered resources.
2022-06-11 15:53:13,203 [Worker-107: Building] INFO  o.e.m.c.i.embedder.EclipseLogger - skip non existing resourceDirectory C:\Users\prach\Desktop\CodeStudio\CucumberFramework\src\test\resources
2022-06-11 15:57:44,843 [Worker-112: Building] INFO  o.e.m.c.i.embedder.EclipseLogger - Using 'UTF-8' encoding to copy filtered resources.
2022-06-11 15:57:44,843 [Worker-112: Building] INFO  o.e.m.c.i.embedder.EclipseLogger - skip non existing resourceDirectory C:\Users\prach\Desktop\CodeStudio\CucumberFramework\src\main\resources
2022-06-11 15:57:44,844 [Worker-112: Building] INFO  o.e.m.c.i.embedder.EclipseLogger - Using 'UTF-8' encoding to copy filtered resources.
2022-06-11 15:57:44,844 [Worker-112: Building] INFO  o.e.m.c.i.embedder.EclipseLogger - skip non existing resourceDirectory C:\Users\prach\Desktop\CodeStudio\CucumberFramework\src\test\resources
2022-06-11 15:59:43,462 [Worker-116: Building] INFO  o.e.m.c.i.l.LifecycleMappingFactory - Using org.eclipse.m2e.jdt.JarLifecycleMapping lifecycle mapping for MavenProject: CucumberFramework:CucumberFramework:0.0.1-SNAPSHOT @ C:\Users\prach\Desktop\CodeStudio\CucumberFramework\pom.xml.
2022-06-11 15:59:43,840 [Worker-116: Building] INFO  o.e.m.c.i.embedder.EclipseLogger - Using 'UTF-8' encoding to copy filtered resources.
2022-06-11 15:59:43,841 [Worker-116: Building] INFO  o.e.m.c.i.embedder.EclipseLogger - skip non existing resourceDirectory C:\Users\prach\Desktop\CodeStudio\CucumberFramework\src\main\resources
2022-06-11 15:59:43,842 [Worker-116: Building] INFO  o.e.m.c.i.embedder.EclipseLogger - Using 'UTF-8' encoding to copy filtered resources.
2022-06-11 15:59:43,842 [Worker-116: Building] INFO  o.e.m.c.i.embedder.EclipseLogger - skip non existing resourceDirectory C:\Users\prach\Desktop\CodeStudio\CucumberFramework\src\test\resources
2022-06-11 16:00:01,246 [Worker-113: Updating Maven Project] INFO  o.e.m.c.i.p.ProjectConfigurationManager - Update started
2022-06-11 16:00:01,379 [Worker-113: Updating Maven Project] INFO  o.e.m.c.i.l.LifecycleMappingFactory - Using org.eclipse.m2e.jdt.JarLifecycleMapping lifecycle mapping for MavenProject: CucumberFramework:CucumberFramework:0.0.1-SNAPSHOT @ C:\Users\prach\Desktop\CodeStudio\CucumberFramework\pom.xml.
2022-06-11 16:00:01,735 [Worker-113: Updating Maven Project] INFO  o.e.m.j.i.AbstractJavaProjectConfigurator - Adding source folder /CucumberFramework/src/main/java
2022-06-11 16:00:01,735 [Worker-113: Updating Maven Project] INFO  o.e.m.j.i.AbstractJavaProjectConfigurator - Adding source folder /CucumberFramework/src/test/java
2022-06-11 16:00:01,983 [Worker-113: Updating Maven Project] INFO  o.e.m.c.i.p.ProjectConfigurationManager - Update completed: 0 sec
2022-06-11 16:00:02,321 [Worker-115: Building] INFO  o.e.m.c.i.embedder.EclipseLogger - Using 'UTF-8' encoding to copy filtered resources.
2022-06-11 16:00:02,321 [Worker-115: Building] INFO  o.e.m.c.i.embedder.EclipseLogger - skip non existing resourceDirectory C:\Users\prach\Desktop\CodeStudio\CucumberFramework\src\main\resources
2022-06-11 16:00:02,323 [Worker-115: Building] INFO  o.e.m.c.i.embedder.EclipseLogger - Using 'UTF-8' encoding to copy filtered resources.
2022-06-11 16:00:02,323 [Worker-115: Building] INFO  o.e.m.c.i.embedder.EclipseLogger - skip non existing resourceDirectory C:\Users\prach\Desktop\CodeStudio\CucumberFramework\src\test\resources
2022-06-11 16:00:35,827 [Worker-119: Building] INFO  o.e.m.c.i.embedder.EclipseLogger - Using 'UTF-8' encoding to copy filtered resources.
2022-06-11 16:00:35,828 [Worker-119: Building] INFO  o.e.m.c.i.embedder.EclipseLogger - skip non existing resourceDirectory C:\Users\prach\Desktop\CodeStudio\CucumberFramework\src\main\resources
2022-06-11 16:00:35,828 [Worker-119: Building] INFO  o.e.m.c.i.embedder.EclipseLogger - Using 'UTF-8' encoding to copy filtered resources.
2022-06-11 16:00:35,828 [Worker-119: Building] INFO  o.e.m.c.i.embedder.EclipseLogger - skip non existing resourceDirectory C:\Users\prach\Desktop\CodeStudio\CucumberFramework\src\test\resources
2022-06-11 16:03:49,149 [Worker-116: Building] INFO  o.e.m.c.i.l.LifecycleMappingFactory - Using org.eclipse.m2e.jdt.JarLifecycleMapping lifecycle mapping for MavenProject: CucumberFramework:CucumberFramework:0.0.1-SNAPSHOT @ C:\Users\prach\Desktop\CodeStudio\CucumberFramework\pom.xml.
2022-06-11 16:03:49,615 [Worker-116: Building] INFO  o.e.m.c.i.embedder.EclipseLogger - Using 'UTF-8' encoding to copy filtered resources.
2022-06-11 16:03:49,615 [Worker-116: Building] INFO  o.e.m.c.i.embedder.EclipseLogger - skip non existing resourceDirectory C:\Users\prach\Desktop\CodeStudio\CucumberFramework\src\main\resources
2022-06-11 16:03:49,616 [Worker-116: Building] INFO  o.e.m.c.i.embedder.EclipseLogger - Using 'UTF-8' encoding to copy filtered resources.
2022-06-11 16:03:49,617 [Worker-116: Building] INFO  o.e.m.c.i.embedder.EclipseLogger - skip non existing resourceDirectory C:\Users\prach\Desktop\CodeStudio\CucumberFramework\src\test\resources
2022-06-11 16:03:51,022 [Worker-116: Building] INFO  o.e.m.c.i.embedder.EclipseLogger - Using 'UTF-8' encoding to copy filtered resources.
2022-06-11 16:03:51,022 [Worker-116: Building] INFO  o.e.m.c.i.embedder.EclipseLogger - skip non existing resourceDirectory C:\Users\prach\Desktop\CodeStudio\CucumberFramework\src\main\resources
2022-06-11 16:03:51,023 [Worker-116: Building] INFO  o.e.m.c.i.embedder.EclipseLogger - Using 'UTF-8' encoding to copy filtered resources.
2022-06-11 16:03:51,023 [Worker-116: Building] INFO  o.e.m.c.i.embedder.EclipseLogger - skip non existing resourceDirectory C:\Users\prach\Desktop\CodeStudio\CucumberFramework\src\test\resources
2022-06-11 16:05:02,597 [Worker-116: Building] INFO  o.e.m.c.i.embedder.EclipseLogger - Using 'UTF-8' encoding to copy filtered resources.
2022-06-11 16:05:02,597 [Worker-116: Building] INFO  o.e.m.c.i.embedder.EclipseLogger - skip non existing resourceDirectory C:\Users\prach\Desktop\CodeStudio\CucumberFramework\src\main\resources
2022-06-11 16:05:02,598 [Worker-116: Building] INFO  o.e.m.c.i.embedder.EclipseLogger - Using 'UTF-8' encoding to copy filtered resources.
2022-06-11 16:05:02,598 [Worker-116: Building] INFO  o.e.m.c.i.embedder.EclipseLogger - skip non existing resourceDirectory C:\Users\prach\Desktop\CodeStudio\CucumberFramework\src\test\resources
2022-06-11 16:12:37,082 [Worker-126: Building] INFO  o.e.m.c.i.l.LifecycleMappingFactory - Using org.eclipse.m2e.jdt.JarLifecycleMapping lifecycle mapping for MavenProject: CucumberFramework:CucumberFramework:0.0.1-SNAPSHOT @ C:\Users\prach\Desktop\CodeStudio\CucumberFramework\pom.xml.
2022-06-11 16:12:37,621 [Worker-126: Building] INFO  o.e.m.c.i.embedder.EclipseLogger - Using 'UTF-8' encoding to copy filtered resources.
2022-06-11 16:12:37,622 [Worker-126: Building] INFO  o.e.m.c.i.embedder.EclipseLogger - skip non existing resourceDirectory C:\Users\prach\Desktop\CodeStudio\CucumberFramework\src\main\resources
2022-06-11 16:12:37,623 [Worker-126: Building] INFO  o.e.m.c.i.embedder.EclipseLogger - Using 'UTF-8' encoding to copy filtered resources.
2022-06-11 16:12:37,623 [Worker-126: Building] INFO  o.e.m.c.i.embedder.EclipseLogger - skip non existing resourceDirectory C:\Users\prach\Desktop\CodeStudio\CucumberFramework\src\test\resources
2022-06-11 16:12:39,002 [Worker-128: Building] INFO  o.e.m.c.i.embedder.EclipseLogger - Using 'UTF-8' encoding to copy filtered resources.
2022-06-11 16:12:39,003 [Worker-128: Building] INFO  o.e.m.c.i.embedder.EclipseLogger - skip non existing resourceDirectory C:\Users\prach\Desktop\CodeStudio\CucumberFramework\src\main\resources
2022-06-11 16:12:39,003 [Worker-128: Building] INFO  o.e.m.c.i.embedder.EclipseLogger - Using 'UTF-8' encoding to copy filtered resources.
2022-06-11 16:12:39,003 [Worker-128: Building] INFO  o.e.m.c.i.embedder.EclipseLogger - skip non existing resourceDirectory C:\Users\prach\Desktop\CodeStudio\CucumberFramework\src\test\resources
2022-06-11 16:16:08,905 [Worker-130: Building] INFO  o.e.m.c.i.embedder.EclipseLogger - Using 'UTF-8' encoding to copy filtered resources.
2022-06-11 16:16:08,905 [Worker-130: Building] INFO  o.e.m.c.i.embedder.EclipseLogger - skip non existing resourceDirectory C:\Users\prach\Desktop\CodeStudio\CucumberFramework\src\main\resources
2022-06-11 16:16:08,906 [Worker-130: Building] INFO  o.e.m.c.i.embedder.EclipseLogger - Using 'UTF-8' encoding to copy filtered resources.
2022-06-11 16:16:08,906 [Worker-130: Building] INFO  o.e.m.c.i.embedder.EclipseLogger - skip non existing resourceDirectory C:\Users\prach\Desktop\CodeStudio\CucumberFramework\src\test\resources
2022-06-11 16:16:28,798 [Worker-0: Loading available Gradle versions] INFO  o.e.b.c.i.u.g.PublishedGradleVersions - Gradle version information cache is up-to-date. Trying to read.
2022-06-11 16:17:00,806 [Worker-3: Updating Maven Project] INFO  o.e.m.c.i.p.ProjectConfigurationManager - Update started
2022-06-11 16:17:01,189 [Worker-3: Updating Maven Project] INFO  o.e.m.c.i.l.LifecycleMappingFactory - Using org.eclipse.m2e.jdt.JarLifecycleMapping lifecycle mapping for MavenProject: CucumberFramework:CucumberFramework:0.0.1-SNAPSHOT @ C:\Users\prach\Desktop\CodeStudio\CucumberFramework\pom.xml.
2022-06-11 16:17:01,819 [Worker-3: Updating Maven Project] INFO  o.e.m.j.i.AbstractJavaProjectConfigurator - Adding source folder /CucumberFramework/src/main/java
2022-06-11 16:17:01,820 [Worker-3: Updating Maven Project] INFO  o.e.m.j.i.AbstractJavaProjectConfigurator - Adding source folder /CucumberFramework/src/test/java
2022-06-11 16:17:02,316 [Worker-3: Updating Maven Project] INFO  o.e.m.c.i.p.ProjectConfigurationManager - Update completed: 1 sec
2022-06-11 16:17:02,789 [Worker-14: Building] INFO  o.e.m.c.i.embedder.EclipseLogger - Using 'UTF-8' encoding to copy filtered resources.
2022-06-11 16:17:02,789 [Worker-14: Building] INFO  o.e.m.c.i.embedder.EclipseLogger - skip non existing resourceDirectory C:\Users\prach\Desktop\CodeStudio\CucumberFramework\src\main\resources
2022-06-11 16:17:02,791 [Worker-14: Building] INFO  o.e.m.c.i.embedder.EclipseLogger - Using 'UTF-8' encoding to copy filtered resources.
2022-06-11 16:17:02,792 [Worker-14: Building] INFO  o.e.m.c.i.embedder.EclipseLogger - skip non existing resourceDirectory C:\Users\prach\Desktop\CodeStudio\CucumberFramework\src\test\resources
2022-06-11 16:17:11,857 [Worker-0: Building] INFO  o.e.m.c.i.embedder.EclipseLogger - Using 'UTF-8' encoding to copy filtered resources.
2022-06-11 16:17:11,858 [Worker-0: Building] INFO  o.e.m.c.i.embedder.EclipseLogger - skip non existing resourceDirectory C:\Users\prach\Desktop\CodeStudio\CucumberFramework\src\main\resources
2022-06-11 16:17:11,859 [Worker-0: Building] INFO  o.e.m.c.i.embedder.EclipseLogger - Using 'UTF-8' encoding to copy filtered resources.
2022-06-11 16:17:11,859 [Worker-0: Building] INFO  o.e.m.c.i.embedder.EclipseLogger - skip non existing resourceDirectory C:\Users\prach\Desktop\CodeStudio\CucumberFramework\src\test\resources
2022-06-11 16:17:55,286 [Worker-6: Building] INFO  o.e.m.c.i.embedder.EclipseLogger - Using 'UTF-8' encoding to copy filtered resources.
2022-06-11 16:17:55,286 [Worker-6: Building] INFO  o.e.m.c.i.embedder.EclipseLogger - skip non existing resourceDirectory C:\Users\prach\Desktop\CodeStudio\CucumberFramework\src\main\resources
2022-06-11 16:17:55,288 [Worker-6: Building] INFO  o.e.m.c.i.embedder.EclipseLogger - Using 'UTF-8' encoding to copy filtered resources.
2022-06-11 16:17:55,288 [Worker-6: Building] INFO  o.e.m.c.i.embedder.EclipseLogger - skip non existing resourceDirectory C:\Users\prach\Desktop\CodeStudio\CucumberFramework\src\test\resources
2022-06-11 16:18:05,232 [Worker-19: Building] INFO  o.e.m.c.i.embedder.EclipseLogger - Using 'UTF-8' encoding to copy filtered resources.
2022-06-11 16:18:05,232 [Worker-19: Building] INFO  o.e.m.c.i.embedder.EclipseLogger - skip non existing resourceDirectory C:\Users\prach\Desktop\CodeStudio\CucumberFramework\src\main\resources
2022-06-11 16:18:05,233 [Worker-19: Building] INFO  o.e.m.c.i.embedder.EclipseLogger - Using 'UTF-8' encoding to copy filtered resources.
2022-06-11 16:18:05,233 [Worker-19: Building] INFO  o.e.m.c.i.embedder.EclipseLogger - skip non existing resourceDirectory C:\Users\prach\Desktop\CodeStudio\CucumberFramework\src\test\resources
2022-06-11 16:18:27,260 [Worker-13: Building] INFO  o.e.m.c.i.embedder.EclipseLogger - Using 'UTF-8' encoding to copy filtered resources.
2022-06-11 16:18:27,260 [Worker-13: Building] INFO  o.e.m.c.i.embedder.EclipseLogger - skip non existing resourceDirectory C:\Users\prach\Desktop\CodeStudio\CucumberFramework\src\main\resources
2022-06-11 16:18:27,261 [Worker-13: Building] INFO  o.e.m.c.i.embedder.EclipseLogger - Using 'UTF-8' encoding to copy filtered resources.
2022-06-11 16:18:27,261 [Worker-13: Building] INFO  o.e.m.c.i.embedder.EclipseLogger - skip non existing resourceDirectory C:\Users\prach\Desktop\CodeStudio\CucumberFramework\src\test\resources
2022-06-11 16:18:35,996 [Worker-8: Building] INFO  o.e.m.c.i.embedder.EclipseLogger - Using 'UTF-8' encoding to copy filtered resources.
2022-06-11 16:18:35,996 [Worker-8: Building] INFO  o.e.m.c.i.embedder.EclipseLogger - skip non existing resourceDirectory C:\Users\prach\Desktop\CodeStudio\CucumberFramework\src\main\resources
2022-06-11 16:18:35,997 [Worker-8: Building] INFO  o.e.m.c.i.embedder.EclipseLogger - Using 'UTF-8' encoding to copy filtered resources.
2022-06-11 16:18:35,997 [Worker-8: Building] INFO  o.e.m.c.i.embedder.EclipseLogger - skip non existing resourceDirectory C:\Users\prach\Desktop\CodeStudio\CucumberFramework\src\test\resources
2022-06-11 16:19:08,004 [Worker-17: Building] INFO  o.e.m.c.i.embedder.EclipseLogger - Using 'UTF-8' encoding to copy filtered resources.
2022-06-11 16:19:08,004 [Worker-17: Building] INFO  o.e.m.c.i.embedder.EclipseLogger - skip non existing resourceDirectory C:\Users\prach\Desktop\CodeStudio\CucumberFramework\src\main\resources
2022-06-11 16:19:08,005 [Worker-17: Building] INFO  o.e.m.c.i.embedder.EclipseLogger - Using 'UTF-8' encoding to copy filtered resources.
2022-06-11 16:19:08,005 [Worker-17: Building] INFO  o.e.m.c.i.embedder.EclipseLogger - skip non existing resourceDirectory C:\Users\prach\Desktop\CodeStudio\CucumberFramework\src\test\resources
2022-06-11 16:21:57,317 [Worker-7: Building] INFO  o.e.m.c.i.embedder.EclipseLogger - Using 'UTF-8' encoding to copy filtered resources.
2022-06-11 16:21:57,318 [Worker-7: Building] INFO  o.e.m.c.i.embedder.EclipseLogger - skip non existing resourceDirectory C:\Users\prach\Desktop\CodeStudio\CucumberFramework\src\main\resources
2022-06-11 16:21:57,320 [Worker-7: Building] INFO  o.e.m.c.i.embedder.EclipseLogger - Using 'UTF-8' encoding to copy filtered resources.
2022-06-11 16:21:57,320 [Worker-7: Building] INFO  o.e.m.c.i.embedder.EclipseLogger - skip non existing resourceDirectory C:\Users\prach\Desktop\CodeStudio\CucumberFramework\src\test\resources
2022-06-11 16:22:11,579 [Worker-5: Building] INFO  o.e.m.c.i.embedder.EclipseLogger - Using 'UTF-8' encoding to copy filtered resources.
2022-06-11 16:22:11,579 [Worker-5: Building] INFO  o.e.m.c.i.embedder.EclipseLogger - skip non existing resourceDirectory C:\Users\prach\Desktop\CodeStudio\CucumberFramework\src\main\resources
2022-06-11 16:22:11,580 [Worker-5: Building] INFO  o.e.m.c.i.embedder.EclipseLogger - Using 'UTF-8' encoding to copy filtered resources.
2022-06-11 16:22:11,581 [Worker-5: Building] INFO  o.e.m.c.i.embedder.EclipseLogger - skip non existing resourceDirectory C:\Users\prach\Desktop\CodeStudio\CucumberFramework\src\test\resources
2022-06-11 16:22:23,559 [Worker-6: Building] INFO  o.e.m.c.i.embedder.EclipseLogger - Using 'UTF-8' encoding to copy filtered resources.
2022-06-11 16:22:23,560 [Worker-6: Building] INFO  o.e.m.c.i.embedder.EclipseLogger - skip non existing resourceDirectory C:\Users\prach\Desktop\CodeStudio\CucumberFramework\src\main\resources
2022-06-11 16:22:23,561 [Worker-6: Building] INFO  o.e.m.c.i.embedder.EclipseLogger - Using 'UTF-8' encoding to copy filtered resources.
2022-06-11 16:22:23,561 [Worker-6: Building] INFO  o.e.m.c.i.embedder.EclipseLogger - skip non existing resourceDirectory C:\Users\prach\Desktop\CodeStudio\CucumberFramework\src\test\resources
2022-06-11 16:41:38,360 [Worker-25: Building] INFO  o.e.m.c.i.embedder.EclipseLogger - Using 'UTF-8' encoding to copy filtered resources.
2022-06-11 16:41:38,360 [Worker-25: Building] INFO  o.e.m.c.i.embedder.EclipseLogger - skip non existing resourceDirectory C:\Users\prach\Desktop\CodeStudio\CucumberFramework\src\main\resources
2022-06-11 16:41:38,362 [Worker-25: Building] INFO  o.e.m.c.i.embedder.EclipseLogger - Using 'UTF-8' encoding to copy filtered resources.
2022-06-11 16:41:38,362 [Worker-25: Building] INFO  o.e.m.c.i.embedder.EclipseLogger - skip non existing resourceDirectory C:\Users\prach\Desktop\CodeStudio\CucumberFramework\src\test\resources
2022-06-11 16:42:30,249 [Worker-22: Building] INFO  o.e.m.c.i.embedder.EclipseLogger - Using 'UTF-8' encoding to copy filtered resources.
2022-06-11 16:42:30,249 [Worker-22: Building] INFO  o.e.m.c.i.embedder.EclipseLogger - skip non existing resourceDirectory C:\Users\prach\Desktop\CodeStudio\CucumberFramework\src\main\resources
2022-06-11 16:42:30,250 [Worker-22: Building] INFO  o.e.m.c.i.embedder.EclipseLogger - Using 'UTF-8' encoding to copy filtered resources.
2022-06-11 16:42:30,250 [Worker-22: Building] INFO  o.e.m.c.i.embedder.EclipseLogger - skip non existing resourceDirectory C:\Users\prach\Desktop\CodeStudio\CucumberFramework\src\test\resources
2022-06-11 16:43:18,529 [Worker-20: Launching Run] INFO  o.e.m.c.i.embedder.EclipseLogger - Using 'UTF-8' encoding to copy filtered resources.
2022-06-11 16:43:18,530 [Worker-20: Launching Run] INFO  o.e.m.c.i.embedder.EclipseLogger - skip non existing resourceDirectory C:\Users\prach\Desktop\CodeStudio\CucumberFramework\src\main\resources
2022-06-11 16:43:18,531 [Worker-20: Launching Run] INFO  o.e.m.c.i.embedder.EclipseLogger - Using 'UTF-8' encoding to copy filtered resources.
2022-06-11 16:43:18,532 [Worker-20: Launching Run] INFO  o.e.m.c.i.embedder.EclipseLogger - skip non existing resourceDirectory C:\Users\prach\Desktop\CodeStudio\CucumberFramework\src\test\resources
2022-06-11 16:45:35,114 [Worker-22: Launching Run] INFO  o.e.m.c.i.embedder.EclipseLogger - Using 'UTF-8' encoding to copy filtered resources.
2022-06-11 16:45:35,114 [Worker-22: Launching Run] INFO  o.e.m.c.i.embedder.EclipseLogger - skip non existing resourceDirectory C:\Users\prach\Desktop\CodeStudio\CucumberFramework\src\main\resources
2022-06-11 16:45:35,115 [Worker-22: Launching Run] INFO  o.e.m.c.i.embedder.EclipseLogger - Using 'UTF-8' encoding to copy filtered resources.
2022-06-11 16:45:35,115 [Worker-22: Launching Run] INFO  o.e.m.c.i.embedder.EclipseLogger - skip non existing resourceDirectory C:\Users\prach\Desktop\CodeStudio\CucumberFramework\src\test\resources
2022-06-11 16:46:08,417 [Worker-28: Launching Run] INFO  o.e.m.c.i.embedder.EclipseLogger - Using 'UTF-8' encoding to copy filtered resources.
2022-06-11 16:46:08,417 [Worker-28: Launching Run] INFO  o.e.m.c.i.embedder.EclipseLogger - skip non existing resourceDirectory C:\Users\prach\Desktop\CodeStudio\CucumberFramework\src\main\resources
2022-06-11 16:46:08,418 [Worker-28: Launching Run] INFO  o.e.m.c.i.embedder.EclipseLogger - Using 'UTF-8' encoding to copy filtered resources.
2022-06-11 16:46:08,418 [Worker-28: Launching Run] INFO  o.e.m.c.i.embedder.EclipseLogger - skip non existing resourceDirectory C:\Users\prach\Desktop\CodeStudio\CucumberFramework\src\test\resources
2022-06-11 16:49:44,627 [Worker-33: Launching Run] INFO  o.e.m.c.i.embedder.EclipseLogger - Using 'UTF-8' encoding to copy filtered resources.
2022-06-11 16:49:44,627 [Worker-33: Launching Run] INFO  o.e.m.c.i.embedder.EclipseLogger - skip non existing resourceDirectory C:\Users\prach\Desktop\CodeStudio\CucumberFramework\src\main\resources
2022-06-11 16:49:44,630 [Worker-33: Launching Run] INFO  o.e.m.c.i.embedder.EclipseLogger - Using 'UTF-8' encoding to copy filtered resources.
2022-06-11 16:49:44,630 [Worker-33: Launching Run] INFO  o.e.m.c.i.embedder.EclipseLogger - skip non existing resourceDirectory C:\Users\prach\Desktop\CodeStudio\CucumberFramework\src\test\resources
2022-06-11 16:50:46,158 [Worker-33: Launching Run] INFO  o.e.m.c.i.embedder.EclipseLogger - Using 'UTF-8' encoding to copy filtered resources.
2022-06-11 16:50:46,159 [Worker-33: Launching Run] INFO  o.e.m.c.i.embedder.EclipseLogger - skip non existing resourceDirectory C:\Users\prach\Desktop\CodeStudio\CucumberFramework\src\main\resources
2022-06-11 16:50:46,159 [Worker-33: Launching Run] INFO  o.e.m.c.i.embedder.EclipseLogger - Using 'UTF-8' encoding to copy filtered resources.
2022-06-11 16:50:46,159 [Worker-33: Launching Run] INFO  o.e.m.c.i.embedder.EclipseLogger - skip non existing resourceDirectory C:\Users\prach\Desktop\CodeStudio\CucumberFramework\src\test\resources
2022-06-11 16:51:16,628 [Worker-32: Building] INFO  o.e.m.c.i.embedder.EclipseLogger - Using 'UTF-8' encoding to copy filtered resources.
2022-06-11 16:51:16,629 [Worker-32: Building] INFO  o.e.m.c.i.embedder.EclipseLogger - skip non existing resourceDirectory C:\Users\prach\Desktop\CodeStudio\CucumberFramework\src\main\resources
2022-06-11 16:51:16,630 [Worker-32: Building] INFO  o.e.m.c.i.embedder.EclipseLogger - Using 'UTF-8' encoding to copy filtered resources.
2022-06-11 16:51:16,630 [Worker-32: Building] INFO  o.e.m.c.i.embedder.EclipseLogger - skip non existing resourceDirectory C:\Users\prach\Desktop\CodeStudio\CucumberFramework\src\test\resources
2022-06-11 16:51:35,849 [Worker-36: Building] INFO  o.e.m.c.i.embedder.EclipseLogger - Using 'UTF-8' encoding to copy filtered resources.
2022-06-11 16:51:35,849 [Worker-36: Building] INFO  o.e.m.c.i.embedder.EclipseLogger - skip non existing resourceDirectory C:\Users\prach\Desktop\CodeStudio\CucumberFramework\src\main\resources
2022-06-11 16:51:35,850 [Worker-36: Building] INFO  o.e.m.c.i.embedder.EclipseLogger - Using 'UTF-8' encoding to copy filtered resources.
2022-06-11 16:51:35,850 [Worker-36: Building] INFO  o.e.m.c.i.embedder.EclipseLogger - skip non existing resourceDirectory C:\Users\prach\Desktop\CodeStudio\CucumberFramework\src\test\resources
2022-06-11 16:55:09,438 [Worker-32: Building] INFO  o.e.m.c.i.embedder.EclipseLogger - Using 'UTF-8' encoding to copy filtered resources.
2022-06-11 16:55:09,439 [Worker-32: Building] INFO  o.e.m.c.i.embedder.EclipseLogger - skip non existing resourceDirectory C:\Users\prach\Desktop\CodeStudio\CucumberFramework\src\main\resources
2022-06-11 16:55:09,440 [Worker-32: Building] INFO  o.e.m.c.i.embedder.EclipseLogger - Using 'UTF-8' encoding to copy filtered resources.
2022-06-11 16:55:09,440 [Worker-32: Building] INFO  o.e.m.c.i.embedder.EclipseLogger - skip non existing resourceDirectory C:\Users\prach\Desktop\CodeStudio\CucumberFramework\src\test\resources
2022-06-11 17:17:17,362 [Worker-42: Building] INFO  o.e.m.c.i.embedder.EclipseLogger - Using 'UTF-8' encoding to copy filtered resources.
2022-06-11 17:17:17,363 [Worker-42: Building] INFO  o.e.m.c.i.embedder.EclipseLogger - skip non existing resourceDirectory C:\Users\prach\Desktop\CodeStudio\CucumberFramework\src\main\resources
2022-06-11 17:17:17,366 [Worker-42: Building] INFO  o.e.m.c.i.embedder.EclipseLogger - Using 'UTF-8' encoding to copy filtered resources.
2022-06-11 17:17:17,366 [Worker-42: Building] INFO  o.e.m.c.i.embedder.EclipseLogger - skip non existing resourceDirectory C:\Users\prach\Desktop\CodeStudio\CucumberFramework\src\test\resources
2022-06-11 17:24:23,440 [Worker-45: Building] INFO  o.e.m.c.i.embedder.EclipseLogger - Using 'UTF-8' encoding to copy filtered resources.
2022-06-11 17:24:23,440 [Worker-45: Building] INFO  o.e.m.c.i.embedder.EclipseLogger - skip non existing resourceDirectory C:\Users\prach\Desktop\CodeStudio\CucumberFramework\src\main\resources
2022-06-11 17:24:23,441 [Worker-45: Building] INFO  o.e.m.c.i.embedder.EclipseLogger - Using 'UTF-8' encoding to copy filtered resources.
2022-06-11 17:24:23,441 [Worker-45: Building] INFO  o.e.m.c.i.embedder.EclipseLogger - skip non existing resourceDirectory C:\Users\prach\Desktop\CodeStudio\CucumberFramework\src\test\resources
2022-06-11 17:25:16,339 [Worker-45: Building] INFO  o.e.m.c.i.embedder.EclipseLogger - Using 'UTF-8' encoding to copy filtered resources.
2022-06-11 17:25:16,339 [Worker-45: Building] INFO  o.e.m.c.i.embedder.EclipseLogger - skip non existing resourceDirectory C:\Users\prach\Desktop\CodeStudio\CucumberFramework\src\main\resources
2022-06-11 17:25:16,341 [Worker-45: Building] INFO  o.e.m.c.i.embedder.EclipseLogger - Using 'UTF-8' encoding to copy filtered resources.
2022-06-11 17:25:16,341 [Worker-45: Building] INFO  o.e.m.c.i.embedder.EclipseLogger - skip non existing resourceDirectory C:\Users\prach\Desktop\CodeStudio\CucumberFramework\src\test\resources
2022-06-11 17:29:05,922 [Worker-54: Building] INFO  o.e.m.c.i.embedder.EclipseLogger - Using 'UTF-8' encoding to copy filtered resources.
2022-06-11 17:29:05,922 [Worker-54: Building] INFO  o.e.m.c.i.embedder.EclipseLogger - skip non existing resourceDirectory C:\Users\prach\Desktop\CodeStudio\CucumberFramework\src\main\resources
2022-06-11 17:29:05,923 [Worker-54: Building] INFO  o.e.m.c.i.embedder.EclipseLogger - Using 'UTF-8' encoding to copy filtered resources.
2022-06-11 17:29:05,923 [Worker-54: Building] INFO  o.e.m.c.i.embedder.EclipseLogger - skip non existing resourceDirectory C:\Users\prach\Desktop\CodeStudio\CucumberFramework\src\test\resources
2022-06-11 17:30:37,548 [Worker-57: Building] INFO  o.e.m.c.i.embedder.EclipseLogger - Using 'UTF-8' encoding to copy filtered resources.
2022-06-11 17:30:37,548 [Worker-57: Building] INFO  o.e.m.c.i.embedder.EclipseLogger - skip non existing resourceDirectory C:\Users\prach\Desktop\CodeStudio\CucumberFramework\src\main\resources
2022-06-11 17:30:37,549 [Worker-57: Building] INFO  o.e.m.c.i.embedder.EclipseLogger - Using 'UTF-8' encoding to copy filtered resources.
2022-06-11 17:30:37,549 [Worker-57: Building] INFO  o.e.m.c.i.embedder.EclipseLogger - skip non existing resourceDirectory C:\Users\prach\Desktop\CodeStudio\CucumberFramework\src\test\resources
2022-06-11 17:31:29,305 [Worker-60: Building] INFO  o.e.m.c.i.embedder.EclipseLogger - Using 'UTF-8' encoding to copy filtered resources.
2022-06-11 17:31:29,305 [Worker-60: Building] INFO  o.e.m.c.i.embedder.EclipseLogger - skip non existing resourceDirectory C:\Users\prach\Desktop\CodeStudio\CucumberFramework\src\main\resources
2022-06-11 17:31:29,306 [Worker-60: Building] INFO  o.e.m.c.i.embedder.EclipseLogger - Using 'UTF-8' encoding to copy filtered resources.
2022-06-11 17:31:29,306 [Worker-60: Building] INFO  o.e.m.c.i.embedder.EclipseLogger - skip non existing resourceDirectory C:\Users\prach\Desktop\CodeStudio\CucumberFramework\src\test\resources
2022-06-11 17:52:51,525 [Worker-58: Building] INFO  o.e.m.c.i.l.LifecycleMappingFactory - Using org.eclipse.m2e.jdt.JarLifecycleMapping lifecycle mapping for MavenProject: CucumberFramework:CucumberFramework:0.0.1-SNAPSHOT @ C:\Users\prach\Desktop\CodeStudio\CucumberFramework\pom.xml.
2022-06-11 17:52:52,798 [Worker-58: Building] INFO  o.e.m.c.i.embedder.EclipseLogger - Using 'UTF-8' encoding to copy filtered resources.
2022-06-11 17:52:52,799 [Worker-58: Building] INFO  o.e.m.c.i.embedder.EclipseLogger - skip non existing resourceDirectory C:\Users\prach\Desktop\CodeStudio\CucumberFramework\src\main\resources
2022-06-11 17:52:52,802 [Worker-58: Building] INFO  o.e.m.c.i.embedder.EclipseLogger - Using 'UTF-8' encoding to copy filtered resources.
2022-06-11 17:52:52,802 [Worker-58: Building] INFO  o.e.m.c.i.embedder.EclipseLogger - skip non existing resourceDirectory C:\Users\prach\Desktop\CodeStudio\CucumberFramework\src\test\resources
2022-06-11 17:52:55,194 [Worker-63: Building] INFO  o.e.m.c.i.embedder.EclipseLogger - Using 'UTF-8' encoding to copy filtered resources.
2022-06-11 17:52:55,195 [Worker-63: Building] INFO  o.e.m.c.i.embedder.EclipseLogger - skip non existing resourceDirectory C:\Users\prach\Desktop\CodeStudio\CucumberFramework\src\main\resources
2022-06-11 17:52:55,196 [Worker-63: Building] INFO  o.e.m.c.i.embedder.EclipseLogger - Using 'UTF-8' encoding to copy filtered resources.
2022-06-11 17:52:55,197 [Worker-63: Building] INFO  o.e.m.c.i.embedder.EclipseLogger - skip non existing resourceDirectory C:\Users\prach\Desktop\CodeStudio\CucumberFramework\src\test\resources
2022-06-11 17:53:11,260 [Worker-52: Launching Run] INFO  o.e.m.c.i.l.LifecycleMappingFactory - Using org.eclipse.m2e.jdt.JarLifecycleMapping lifecycle mapping for MavenProject: CucumberFramework:CucumberFramework:0.0.1-SNAPSHOT @ C:\Users\prach\Desktop\CodeStudio\CucumberFramework\pom.xml.
2022-06-11 17:53:12,147 [Worker-52: Launching Run] INFO  o.e.m.c.i.embedder.EclipseLogger - Using 'UTF-8' encoding to copy filtered resources.
2022-06-11 17:53:12,148 [Worker-52: Launching Run] INFO  o.e.m.c.i.embedder.EclipseLogger - skip non existing resourceDirectory C:\Users\prach\Desktop\CodeStudio\CucumberFramework\src\main\resources
2022-06-11 17:53:12,150 [Worker-52: Launching Run] INFO  o.e.m.c.i.embedder.EclipseLogger - Using 'UTF-8' encoding to copy filtered resources.
2022-06-11 17:53:12,150 [Worker-52: Launching Run] INFO  o.e.m.c.i.embedder.EclipseLogger - skip non existing resourceDirectory C:\Users\prach\Desktop\CodeStudio\CucumberFramework\src\test\resources
2022-06-11 17:53:37,335 [Worker-63: Building] INFO  o.e.m.c.i.embedder.EclipseLogger - Using 'UTF-8' encoding to copy filtered resources.
2022-06-11 17:53:37,336 [Worker-63: Building] INFO  o.e.m.c.i.embedder.EclipseLogger - skip non existing resourceDirectory C:\Users\prach\Desktop\CodeStudio\CucumberFramework\src\main\resources
2022-06-11 17:53:37,337 [Worker-63: Building] INFO  o.e.m.c.i.embedder.EclipseLogger - Using 'UTF-8' encoding to copy filtered resources.
2022-06-11 17:53:37,337 [Worker-63: Building] INFO  o.e.m.c.i.embedder.EclipseLogger - skip non existing resourceDirectory C:\Users\prach\Desktop\CodeStudio\CucumberFramework\src\test\resources
